<testsuites id="" name="" tests="35" failures="10" skipped="5" errors="0" time="2.911912">
<testsuite name="tests/articles.spec.ts" timestamp="2025-07-28T20:50:22.496Z" hostname="chromium" tests="3" failures="0" skipped="1" time="0.072" errors="0">
<testcase name="Articles Management › Articles API @backend › should fetch empty articles list" classname="tests/articles.spec.ts" time="0.036">
</testcase>
<testcase name="Articles Management › Articles API @backend › should reject article creation without authentication" classname="tests/articles.spec.ts" time="0.029">
</testcase>
<testcase name="Articles Management › Articles API @backend › should document JWT_SECRET issue for article creation" classname="tests/articles.spec.ts" time="0.007">
<properties>
<property name="skip" value="Article creation requires JWT_SECRET to be configured">
</property>
</properties>
<skipped>
</skipped>
</testcase>
</testsuite>
<testsuite name="tests/auth.spec.ts" timestamp="2025-07-28T20:50:22.496Z" hostname="chromium" tests="2" failures="2" skipped="0" time="0.38" errors="0">
<testcase name="Authentication Flow › User Registration API @backend › should reject registration due to missing JWT_SECRET" classname="tests/auth.spec.ts" time="0.348">
<failure message="auth.spec.ts:8:5 should reject registration due to missing JWT_SECRET" type="FAILURE">
<![CDATA[  [chromium] › tests/auth.spec.ts:8:5 › Authentication Flow › User Registration API @backend › should reject registration due to missing JWT_SECRET 

    Error: expect(received).toContain(expected) // indexOf

    Matcher error: received value must not be null nor undefined

    Received has value: undefined

      14 |       // Expect 500 error due to JWT_SECRET missing
      15 |       expect(response.status()).toBe(500);
    > 16 |       expect(data?.errors?.token).toContain('Failed to generate token');
         |                                   ^
      17 |     });
      18 |   });
      19 |
        at /Users/dohyunjung/Workspace/fast-campus/vibe-coding-paradigm/Realworld-serverless-microservice/frontend/e2e/tests/auth.spec.ts:16:35
]]>
</failure>
</testcase>
<testcase name="Authentication Flow › Login API @backend › should reject login due to missing JWT_SECRET" classname="tests/auth.spec.ts" time="0.032">
<failure message="auth.spec.ts:21:5 should reject login due to missing JWT_SECRET" type="FAILURE">
<![CDATA[  [chromium] › tests/auth.spec.ts:21:5 › Authentication Flow › Login API @backend › should reject login due to missing JWT_SECRET 

    Error: expect(received).toBe(expected) // Object.is equality

    Expected: 500
    Received: 401

      29 |       // Since user creation fails, login should fail too
      30 |       // This test documents the current broken state
    > 31 |       expect(response.status()).toBe(500);
         |                                 ^
      32 |     });
      33 |   });
      34 |
        at /Users/dohyunjung/Workspace/fast-campus/vibe-coding-paradigm/Realworld-serverless-microservice/frontend/e2e/tests/auth.spec.ts:31:33
]]>
</failure>
</testcase>
</testsuite>
<testsuite name="tests/health.spec.ts" timestamp="2025-07-28T20:50:22.496Z" hostname="chromium" tests="2" failures="0" skipped="0" time="0.048" errors="0">
<testcase name="Health and Basic Connectivity › should connect to backend API @backend" classname="tests/health.spec.ts" time="0.032">
</testcase>
<testcase name="Health and Basic Connectivity › should fetch articles from API @backend" classname="tests/health.spec.ts" time="0.016">
</testcase>
</testsuite>
<testsuite name="tests/articles.spec.ts" timestamp="2025-07-28T20:50:22.496Z" hostname="firefox" tests="3" failures="0" skipped="1" time="0.076" errors="0">
<testcase name="Articles Management › Articles API @backend › should fetch empty articles list" classname="tests/articles.spec.ts" time="0.034">
</testcase>
<testcase name="Articles Management › Articles API @backend › should reject article creation without authentication" classname="tests/articles.spec.ts" time="0.035">
</testcase>
<testcase name="Articles Management › Articles API @backend › should document JWT_SECRET issue for article creation" classname="tests/articles.spec.ts" time="0.007">
<properties>
<property name="skip" value="Article creation requires JWT_SECRET to be configured">
</property>
</properties>
<skipped>
</skipped>
</testcase>
</testsuite>
<testsuite name="tests/auth.spec.ts" timestamp="2025-07-28T20:50:22.496Z" hostname="firefox" tests="2" failures="2" skipped="0" time="0.375" errors="0">
<testcase name="Authentication Flow › User Registration API @backend › should reject registration due to missing JWT_SECRET" classname="tests/auth.spec.ts" time="0.338">
<failure message="auth.spec.ts:8:5 should reject registration due to missing JWT_SECRET" type="FAILURE">
<![CDATA[  [firefox] › tests/auth.spec.ts:8:5 › Authentication Flow › User Registration API @backend › should reject registration due to missing JWT_SECRET 

    Error: expect(received).toContain(expected) // indexOf

    Matcher error: received value must not be null nor undefined

    Received has value: undefined

      14 |       // Expect 500 error due to JWT_SECRET missing
      15 |       expect(response.status()).toBe(500);
    > 16 |       expect(data?.errors?.token).toContain('Failed to generate token');
         |                                   ^
      17 |     });
      18 |   });
      19 |
        at /Users/dohyunjung/Workspace/fast-campus/vibe-coding-paradigm/Realworld-serverless-microservice/frontend/e2e/tests/auth.spec.ts:16:35
]]>
</failure>
</testcase>
<testcase name="Authentication Flow › Login API @backend › should reject login due to missing JWT_SECRET" classname="tests/auth.spec.ts" time="0.037">
<failure message="auth.spec.ts:21:5 should reject login due to missing JWT_SECRET" type="FAILURE">
<![CDATA[  [firefox] › tests/auth.spec.ts:21:5 › Authentication Flow › Login API @backend › should reject login due to missing JWT_SECRET 

    Error: expect(received).toBe(expected) // Object.is equality

    Expected: 500
    Received: 401

      29 |       // Since user creation fails, login should fail too
      30 |       // This test documents the current broken state
    > 31 |       expect(response.status()).toBe(500);
         |                                 ^
      32 |     });
      33 |   });
      34 |
        at /Users/dohyunjung/Workspace/fast-campus/vibe-coding-paradigm/Realworld-serverless-microservice/frontend/e2e/tests/auth.spec.ts:31:33
]]>
</failure>
</testcase>
</testsuite>
<testsuite name="tests/health.spec.ts" timestamp="2025-07-28T20:50:22.496Z" hostname="firefox" tests="2" failures="0" skipped="0" time="0.048" errors="0">
<testcase name="Health and Basic Connectivity › should connect to backend API @backend" classname="tests/health.spec.ts" time="0.031">
</testcase>
<testcase name="Health and Basic Connectivity › should fetch articles from API @backend" classname="tests/health.spec.ts" time="0.017">
</testcase>
</testsuite>
<testsuite name="tests/articles.spec.ts" timestamp="2025-07-28T20:50:22.496Z" hostname="webkit" tests="3" failures="0" skipped="1" time="0.08" errors="0">
<testcase name="Articles Management › Articles API @backend › should fetch empty articles list" classname="tests/articles.spec.ts" time="0.038">
</testcase>
<testcase name="Articles Management › Articles API @backend › should reject article creation without authentication" classname="tests/articles.spec.ts" time="0.035">
</testcase>
<testcase name="Articles Management › Articles API @backend › should document JWT_SECRET issue for article creation" classname="tests/articles.spec.ts" time="0.007">
<properties>
<property name="skip" value="Article creation requires JWT_SECRET to be configured">
</property>
</properties>
<skipped>
</skipped>
</testcase>
</testsuite>
<testsuite name="tests/auth.spec.ts" timestamp="2025-07-28T20:50:22.496Z" hostname="webkit" tests="2" failures="2" skipped="0" time="0.349" errors="0">
<testcase name="Authentication Flow › User Registration API @backend › should reject registration due to missing JWT_SECRET" classname="tests/auth.spec.ts" time="0.319">
<failure message="auth.spec.ts:8:5 should reject registration due to missing JWT_SECRET" type="FAILURE">
<![CDATA[  [webkit] › tests/auth.spec.ts:8:5 › Authentication Flow › User Registration API @backend › should reject registration due to missing JWT_SECRET 

    Error: expect(received).toContain(expected) // indexOf

    Matcher error: received value must not be null nor undefined

    Received has value: undefined

      14 |       // Expect 500 error due to JWT_SECRET missing
      15 |       expect(response.status()).toBe(500);
    > 16 |       expect(data?.errors?.token).toContain('Failed to generate token');
         |                                   ^
      17 |     });
      18 |   });
      19 |
        at /Users/dohyunjung/Workspace/fast-campus/vibe-coding-paradigm/Realworld-serverless-microservice/frontend/e2e/tests/auth.spec.ts:16:35
]]>
</failure>
</testcase>
<testcase name="Authentication Flow › Login API @backend › should reject login due to missing JWT_SECRET" classname="tests/auth.spec.ts" time="0.03">
<failure message="auth.spec.ts:21:5 should reject login due to missing JWT_SECRET" type="FAILURE">
<![CDATA[  [webkit] › tests/auth.spec.ts:21:5 › Authentication Flow › Login API @backend › should reject login due to missing JWT_SECRET 

    Error: expect(received).toBe(expected) // Object.is equality

    Expected: 500
    Received: 401

      29 |       // Since user creation fails, login should fail too
      30 |       // This test documents the current broken state
    > 31 |       expect(response.status()).toBe(500);
         |                                 ^
      32 |     });
      33 |   });
      34 |
        at /Users/dohyunjung/Workspace/fast-campus/vibe-coding-paradigm/Realworld-serverless-microservice/frontend/e2e/tests/auth.spec.ts:31:33
]]>
</failure>
</testcase>
</testsuite>
<testsuite name="tests/health.spec.ts" timestamp="2025-07-28T20:50:22.496Z" hostname="webkit" tests="2" failures="0" skipped="0" time="0.059" errors="0">
<testcase name="Health and Basic Connectivity › should connect to backend API @backend" classname="tests/health.spec.ts" time="0.039">
</testcase>
<testcase name="Health and Basic Connectivity › should fetch articles from API @backend" classname="tests/health.spec.ts" time="0.02">
</testcase>
</testsuite>
<testsuite name="tests/articles.spec.ts" timestamp="2025-07-28T20:50:22.496Z" hostname="Mobile Chrome" tests="3" failures="0" skipped="1" time="0.074" errors="0">
<testcase name="Articles Management › Articles API @backend › should fetch empty articles list" classname="tests/articles.spec.ts" time="0.035">
</testcase>
<testcase name="Articles Management › Articles API @backend › should reject article creation without authentication" classname="tests/articles.spec.ts" time="0.032">
</testcase>
<testcase name="Articles Management › Articles API @backend › should document JWT_SECRET issue for article creation" classname="tests/articles.spec.ts" time="0.007">
<properties>
<property name="skip" value="Article creation requires JWT_SECRET to be configured">
</property>
</properties>
<skipped>
</skipped>
</testcase>
</testsuite>
<testsuite name="tests/auth.spec.ts" timestamp="2025-07-28T20:50:22.496Z" hostname="Mobile Chrome" tests="2" failures="2" skipped="0" time="0.375" errors="0">
<testcase name="Authentication Flow › User Registration API @backend › should reject registration due to missing JWT_SECRET" classname="tests/auth.spec.ts" time="0.346">
<failure message="auth.spec.ts:8:5 should reject registration due to missing JWT_SECRET" type="FAILURE">
<![CDATA[  [Mobile Chrome] › tests/auth.spec.ts:8:5 › Authentication Flow › User Registration API @backend › should reject registration due to missing JWT_SECRET 

    Error: expect(received).toContain(expected) // indexOf

    Matcher error: received value must not be null nor undefined

    Received has value: undefined

      14 |       // Expect 500 error due to JWT_SECRET missing
      15 |       expect(response.status()).toBe(500);
    > 16 |       expect(data?.errors?.token).toContain('Failed to generate token');
         |                                   ^
      17 |     });
      18 |   });
      19 |
        at /Users/dohyunjung/Workspace/fast-campus/vibe-coding-paradigm/Realworld-serverless-microservice/frontend/e2e/tests/auth.spec.ts:16:35
]]>
</failure>
</testcase>
<testcase name="Authentication Flow › Login API @backend › should reject login due to missing JWT_SECRET" classname="tests/auth.spec.ts" time="0.029">
<failure message="auth.spec.ts:21:5 should reject login due to missing JWT_SECRET" type="FAILURE">
<![CDATA[  [Mobile Chrome] › tests/auth.spec.ts:21:5 › Authentication Flow › Login API @backend › should reject login due to missing JWT_SECRET 

    Error: expect(received).toBe(expected) // Object.is equality

    Expected: 500
    Received: 401

      29 |       // Since user creation fails, login should fail too
      30 |       // This test documents the current broken state
    > 31 |       expect(response.status()).toBe(500);
         |                                 ^
      32 |     });
      33 |   });
      34 |
        at /Users/dohyunjung/Workspace/fast-campus/vibe-coding-paradigm/Realworld-serverless-microservice/frontend/e2e/tests/auth.spec.ts:31:33
]]>
</failure>
</testcase>
</testsuite>
<testsuite name="tests/health.spec.ts" timestamp="2025-07-28T20:50:22.496Z" hostname="Mobile Chrome" tests="2" failures="0" skipped="0" time="0.039" errors="0">
<testcase name="Health and Basic Connectivity › should connect to backend API @backend" classname="tests/health.spec.ts" time="0.021">
</testcase>
<testcase name="Health and Basic Connectivity › should fetch articles from API @backend" classname="tests/health.spec.ts" time="0.018">
</testcase>
</testsuite>
<testsuite name="tests/articles.spec.ts" timestamp="2025-07-28T20:50:22.496Z" hostname="Mobile Safari" tests="3" failures="0" skipped="1" time="0.077" errors="0">
<testcase name="Articles Management › Articles API @backend › should fetch empty articles list" classname="tests/articles.spec.ts" time="0.033">
</testcase>
<testcase name="Articles Management › Articles API @backend › should reject article creation without authentication" classname="tests/articles.spec.ts" time="0.037">
</testcase>
<testcase name="Articles Management › Articles API @backend › should document JWT_SECRET issue for article creation" classname="tests/articles.spec.ts" time="0.007">
<properties>
<property name="skip" value="Article creation requires JWT_SECRET to be configured">
</property>
</properties>
<skipped>
</skipped>
</testcase>
</testsuite>
<testsuite name="tests/auth.spec.ts" timestamp="2025-07-28T20:50:22.496Z" hostname="Mobile Safari" tests="2" failures="2" skipped="0" time="0.457" errors="0">
<testcase name="Authentication Flow › User Registration API @backend › should reject registration due to missing JWT_SECRET" classname="tests/auth.spec.ts" time="0.428">
<failure message="auth.spec.ts:8:5 should reject registration due to missing JWT_SECRET" type="FAILURE">
<![CDATA[  [Mobile Safari] › tests/auth.spec.ts:8:5 › Authentication Flow › User Registration API @backend › should reject registration due to missing JWT_SECRET 

    Error: expect(received).toContain(expected) // indexOf

    Matcher error: received value must not be null nor undefined

    Received has value: undefined

      14 |       // Expect 500 error due to JWT_SECRET missing
      15 |       expect(response.status()).toBe(500);
    > 16 |       expect(data?.errors?.token).toContain('Failed to generate token');
         |                                   ^
      17 |     });
      18 |   });
      19 |
        at /Users/dohyunjung/Workspace/fast-campus/vibe-coding-paradigm/Realworld-serverless-microservice/frontend/e2e/tests/auth.spec.ts:16:35
]]>
</failure>
</testcase>
<testcase name="Authentication Flow › Login API @backend › should reject login due to missing JWT_SECRET" classname="tests/auth.spec.ts" time="0.029">
<failure message="auth.spec.ts:21:5 should reject login due to missing JWT_SECRET" type="FAILURE">
<![CDATA[  [Mobile Safari] › tests/auth.spec.ts:21:5 › Authentication Flow › Login API @backend › should reject login due to missing JWT_SECRET 

    Error: expect(received).toBe(expected) // Object.is equality

    Expected: 500
    Received: 401

      29 |       // Since user creation fails, login should fail too
      30 |       // This test documents the current broken state
    > 31 |       expect(response.status()).toBe(500);
         |                                 ^
      32 |     });
      33 |   });
      34 |
        at /Users/dohyunjung/Workspace/fast-campus/vibe-coding-paradigm/Realworld-serverless-microservice/frontend/e2e/tests/auth.spec.ts:31:33
]]>
</failure>
</testcase>
</testsuite>
<testsuite name="tests/health.spec.ts" timestamp="2025-07-28T20:50:22.496Z" hostname="Mobile Safari" tests="2" failures="0" skipped="0" time="0.033" errors="0">
<testcase name="Health and Basic Connectivity › should connect to backend API @backend" classname="tests/health.spec.ts" time="0.016">
</testcase>
<testcase name="Health and Basic Connectivity › should fetch articles from API @backend" classname="tests/health.spec.ts" time="0.017">
</testcase>
</testsuite>
</testsuites>